<?xml version="1.0" encoding="UTF-8"?>
<testsuites>
  <testsuite name="Tests\Provider\ProviderOptionsTest" file="C:\Users\Sebastian\Desktop\yapip\tests\Provider\ProviderOptionsTest.php" tests="16" assertions="16" errors="0" failures="0" skipped="0" time="0.005141">
    <testcase name="testGettingCategory" class="Tests\Provider\ProviderOptionsTest" classname="Tests.Provider.ProviderOptionsTest" file="C:\Users\Sebastian\Desktop\yapip\tests\Provider\ProviderOptionsTest.php" line="11" assertions="1" time="0.004751"/>
    <testcase name="testGettingInvalidCategory" class="Tests\Provider\ProviderOptionsTest" classname="Tests.Provider.ProviderOptionsTest" file="C:\Users\Sebastian\Desktop\yapip\tests\Provider\ProviderOptionsTest.php" line="26" assertions="1" time="0.000051"/>
    <testcase name="testGettingCategoryWithoutTheProviderSupport" class="Tests\Provider\ProviderOptionsTest" classname="Tests.Provider.ProviderOptionsTest" file="C:\Users\Sebastian\Desktop\yapip\tests\Provider\ProviderOptionsTest.php" line="41" assertions="1" time="0.000025"/>
    <testcase name="testGettingCategories" class="Tests\Provider\ProviderOptionsTest" classname="Tests.Provider.ProviderOptionsTest" file="C:\Users\Sebastian\Desktop\yapip\tests\Provider\ProviderOptionsTest.php" line="51" assertions="1" time="0.000029"/>
    <testcase name="testGettingInvalidCategories" class="Tests\Provider\ProviderOptionsTest" classname="Tests.Provider.ProviderOptionsTest" file="C:\Users\Sebastian\Desktop\yapip\tests\Provider\ProviderOptionsTest.php" line="70" assertions="1" time="0.000027"/>
    <testcase name="testGettingCategoriesWithoutTheProviderSupport" class="Tests\Provider\ProviderOptionsTest" classname="Tests.Provider.ProviderOptionsTest" file="C:\Users\Sebastian\Desktop\yapip\tests\Provider\ProviderOptionsTest.php" line="89" assertions="1" time="0.000022"/>
    <testcase name="testGettingExtension" class="Tests\Provider\ProviderOptionsTest" classname="Tests.Provider.ProviderOptionsTest" file="C:\Users\Sebastian\Desktop\yapip\tests\Provider\ProviderOptionsTest.php" line="102" assertions="1" time="0.000035"/>
    <testcase name="testGettingExtensionWithoutTheProviderSupport" class="Tests\Provider\ProviderOptionsTest" classname="Tests.Provider.ProviderOptionsTest" file="C:\Users\Sebastian\Desktop\yapip\tests\Provider\ProviderOptionsTest.php" line="118" assertions="1" time="0.000026"/>
    <testcase name="testGettingBackground" class="Tests\Provider\ProviderOptionsTest" classname="Tests.Provider.ProviderOptionsTest" file="C:\Users\Sebastian\Desktop\yapip\tests\Provider\ProviderOptionsTest.php" line="129" assertions="1" time="0.000024"/>
    <testcase name="testGettingBackgroundWithoutTheProviderSupport" class="Tests\Provider\ProviderOptionsTest" classname="Tests.Provider.ProviderOptionsTest" file="C:\Users\Sebastian\Desktop\yapip\tests\Provider\ProviderOptionsTest.php" line="142" assertions="1" time="0.000023"/>
    <testcase name="testGettingForeground" class="Tests\Provider\ProviderOptionsTest" classname="Tests.Provider.ProviderOptionsTest" file="C:\Users\Sebastian\Desktop\yapip\tests\Provider\ProviderOptionsTest.php" line="153" assertions="1" time="0.000021"/>
    <testcase name="testGettingForegroundWithoutTheProviderSupport" class="Tests\Provider\ProviderOptionsTest" classname="Tests.Provider.ProviderOptionsTest" file="C:\Users\Sebastian\Desktop\yapip\tests\Provider\ProviderOptionsTest.php" line="166" assertions="1" time="0.000021"/>
    <testcase name="testGettingGrayscale" class="Tests\Provider\ProviderOptionsTest" classname="Tests.Provider.ProviderOptionsTest" file="C:\Users\Sebastian\Desktop\yapip\tests\Provider\ProviderOptionsTest.php" line="177" assertions="1" time="0.000023"/>
    <testcase name="testGettingGrayscaleWithoutTheProviderSupport" class="Tests\Provider\ProviderOptionsTest" classname="Tests.Provider.ProviderOptionsTest" file="C:\Users\Sebastian\Desktop\yapip\tests\Provider\ProviderOptionsTest.php" line="190" assertions="1" time="0.000020"/>
    <testcase name="testGettingCustomText" class="Tests\Provider\ProviderOptionsTest" classname="Tests.Provider.ProviderOptionsTest" file="C:\Users\Sebastian\Desktop\yapip\tests\Provider\ProviderOptionsTest.php" line="201" assertions="1" time="0.000022"/>
    <testcase name="testGettingCustomTextWithoutTheProviderSupport" class="Tests\Provider\ProviderOptionsTest" classname="Tests.Provider.ProviderOptionsTest" file="C:\Users\Sebastian\Desktop\yapip\tests\Provider\ProviderOptionsTest.php" line="214" assertions="1" time="0.000021"/>
  </testsuite>
</testsuites>
